<?xml version="1.0" encoding="UTF-8"?>
<testsuite xmlns:xsi="http://www.w3.org/2001/XMLSchema-instance" xsi:noNamespaceSchemaLocation="https://maven.apache.org/surefire/maven-surefire-plugin/xsd/surefire-test-report.xsd" name="com.myaempractice.core.schedulers.SimpleScheduledTaskTest" time="0.056" tests="1" errors="0" skipped="0" failures="0">
  <properties>
    <property name="sun.desktop" value="windows"/>
    <property name="awt.toolkit" value="sun.awt.windows.WToolkit"/>
    <property name="java.specification.version" value="11"/>
    <property name="sun.cpu.isalist" value="amd64"/>
    <property name="sun.jnu.encoding" value="Cp1252"/>
    <property name="java.class.path" value="C:\Users\69018750\.m2\repository\org\apache\maven\surefire\surefire-booter\2.22.1\surefire-booter-2.22.1.jar;C:\Users\69018750\.m2\repository\org\apache\maven\surefire\surefire-api\2.22.1\surefire-api-2.22.1.jar;C:\Users\69018750\.m2\repository\org\apache\maven\surefire\surefire-logger-api\2.22.1\surefire-logger-api-2.22.1.jar;C:\Users\10725758\Documents\Manda_10725758\AEM\AEM_Projects\myaempractice\core\target\test-classes;C:\Users\10725758\Documents\Manda_10725758\AEM\AEM_Projects\myaempractice\core\target\classes;C:\Users\69018750\.m2\repository\uk\org\lidalia\slf4j-test\1.0.1\slf4j-test-1.0.1.jar;C:\Users\69018750\.m2\repository\org\slf4j\slf4j-api\1.7.5\slf4j-api-1.7.5.jar;C:\Users\69018750\.m2\repository\uk\org\lidalia\lidalia-lang\1.0.0\lidalia-lang-1.0.0.jar;C:\Users\69018750\.m2\repository\org\apache\commons\commons-lang3\3.1\commons-lang3-3.1.jar;C:\Users\69018750\.m2\repository\com\google\guava\guava\14.0.1\guava-14.0.1.jar;C:\Users\69018750\.m2\repository\uk\org\lidalia\lidalia-slf4j-ext\1.0.0\lidalia-slf4j-ext-1.0.0.jar;C:\Users\69018750\.m2\repository\joda-time\joda-time\2.2\joda-time-2.2.jar;C:\Users\69018750\.m2\repository\com\adobe\aem\aem-sdk-api\2023.7.12697.20230713T151945Z-230601\aem-sdk-api-2023.7.12697.20230713T151945Z-230601.jar;C:\Users\69018750\.m2\repository\org\osgi\osgi.core\8.0.0\osgi.core-8.0.0.jar;C:\Users\69018750\.m2\repository\org\osgi\org.osgi.annotation.versioning\1.1.2\org.osgi.annotation.versioning-1.1.2.jar;C:\Users\69018750\.m2\repository\org\osgi\org.osgi.annotation.bundle\1.1.1\org.osgi.annotation.bundle-1.1.1.jar;C:\Users\69018750\.m2\repository\org\osgi\org.osgi.service.metatype.annotations\1.4.1\org.osgi.service.metatype.annotations-1.4.1.jar;C:\Users\69018750\.m2\repository\org\osgi\osgi.annotation\8.0.1\osgi.annotation-8.0.1.jar;C:\Users\69018750\.m2\repository\org\osgi\org.osgi.namespace.extender\1.0.1\org.osgi.namespace.extender-1.0.1.jar;C:\Users\69018750\.m2\repository\org\osgi\org.osgi.namespace.implementation\1.0.0\org.osgi.namespace.implementation-1.0.0.jar;C:\Users\69018750\.m2\repository\org\osgi\org.osgi.service.component.annotations\1.5.0\org.osgi.service.component.annotations-1.5.0.jar;C:\Users\69018750\.m2\repository\org\osgi\org.osgi.util.function\1.0.0\org.osgi.util.function-1.0.0.jar;C:\Users\69018750\.m2\repository\org\osgi\org.osgi.util.promise\1.0.0\org.osgi.util.promise-1.0.0.jar;C:\Users\69018750\.m2\repository\org\osgi\org.osgi.service.http.whiteboard\1.1.1\org.osgi.service.http.whiteboard-1.1.1.jar;C:\Users\69018750\.m2\repository\org\apache\sling\org.apache.sling.servlets.annotations\1.2.6\org.apache.sling.servlets.annotations-1.2.6.jar;C:\Users\69018750\.m2\repository\com\adobe\cq\core.wcm.components.core\2.22.12\core.wcm.components.core-2.22.12.jar;C:\Users\69018750\.m2\repository\org\jsoup\jsoup\1.15.3\jsoup-1.15.3.jar;C:\Users\69018750\.m2\repository\org\junit\jupiter\junit-jupiter\5.8.2\junit-jupiter-5.8.2.jar;C:\Users\69018750\.m2\repository\org\junit\jupiter\junit-jupiter-api\5.8.2\junit-jupiter-api-5.8.2.jar;C:\Users\69018750\.m2\repository\org\opentest4j\opentest4j\1.2.0\opentest4j-1.2.0.jar;C:\Users\69018750\.m2\repository\org\junit\platform\junit-platform-commons\1.8.2\junit-platform-commons-1.8.2.jar;C:\Users\69018750\.m2\repository\org\apiguardian\apiguardian-api\1.1.2\apiguardian-api-1.1.2.jar;C:\Users\69018750\.m2\repository\org\junit\jupiter\junit-jupiter-params\5.8.2\junit-jupiter-params-5.8.2.jar;C:\Users\69018750\.m2\repository\org\junit\jupiter\junit-jupiter-engine\5.8.2\junit-jupiter-engine-5.8.2.jar;C:\Users\69018750\.m2\repository\org\junit\platform\junit-platform-engine\1.8.2\junit-platform-engine-1.8.2.jar;C:\Users\69018750\.m2\repository\org\mockito\mockito-core\4.1.0\mockito-core-4.1.0.jar;C:\Users\69018750\.m2\repository\net\bytebuddy\byte-buddy\1.12.1\byte-buddy-1.12.1.jar;C:\Users\69018750\.m2\repository\net\bytebuddy\byte-buddy-agent\1.12.1\byte-buddy-agent-1.12.1.jar;C:\Users\69018750\.m2\repository\org\objenesis\objenesis\3.2\objenesis-3.2.jar;C:\Users\69018750\.m2\repository\org\mockito\mockito-junit-jupiter\4.1.0\mockito-junit-jupiter-4.1.0.jar;C:\Users\69018750\.m2\repository\junit-addons\junit-addons\1.4\junit-addons-1.4.jar;C:\Users\69018750\.m2\repository\junit\junit\3.8.1\junit-3.8.1.jar;C:\Users\69018750\.m2\repository\xerces\xercesImpl\2.6.2\xercesImpl-2.6.2.jar;C:\Users\69018750\.m2\repository\xerces\xmlParserAPIs\2.6.2\xmlParserAPIs-2.6.2.jar;C:\Users\69018750\.m2\repository\io\wcm\io.wcm.testing.aem-mock.junit5\5.1.2\io.wcm.testing.aem-mock.junit5-5.1.2.jar;C:\Users\69018750\.m2\repository\io\wcm\io.wcm.testing.aem-mock.core\5.1.2\io.wcm.testing.aem-mock.core-5.1.2.jar;C:\Users\69018750\.m2\repository\org\apache\sling\org.apache.sling.api\2.22.0\org.apache.sling.api-2.22.0.jar;C:\Users\69018750\.m2\repository\org\jetbrains\annotations\16.0.2\annotations-16.0.2.jar;C:\Users\69018750\.m2\repository\org\apache\jackrabbit\jackrabbit-jcr-commons\2.20.1\jackrabbit-jcr-commons-2.20.1.jar;C:\Users\69018750\.m2\repository\org\apache\sling\org.apache.sling.commons.osgi\2.4.0\org.apache.sling.commons.osgi-2.4.0.jar;C:\Users\69018750\.m2\repository\org\apache\sling\org.apache.sling.resourceresolver\1.7.0\org.apache.sling.resourceresolver-1.7.0.jar;C:\Users\69018750\.m2\repository\org\apache\sling\org.apache.sling.serviceusermapper\1.4.4\org.apache.sling.serviceusermapper-1.4.4.jar;C:\Users\69018750\.m2\repository\org\apache\sling\org.apache.sling.jcr.api\2.4.0\org.apache.sling.jcr.api-2.4.0.jar;C:\Users\69018750\.m2\repository\org\apache\sling\org.apache.sling.jcr.resource\3.0.18\org.apache.sling.jcr.resource-3.0.18.jar;C:\Users\69018750\.m2\repository\org\apache\sling\org.apache.sling.commons.mime\2.2.2\org.apache.sling.commons.mime-2.2.2.jar;C:\Users\69018750\.m2\repository\org\apache\sling\org.apache.sling.commons.json\2.0.20\org.apache.sling.commons.json-2.0.20.jar;C:\Users\69018750\.m2\repository\org\apache\sling\org.apache.sling.commons.classloader\1.4.2\org.apache.sling.commons.classloader-1.4.2.jar;C:\Users\69018750\.m2\repository\org\apache\sling\org.apache.sling.settings\1.3.10\org.apache.sling.settings-1.3.10.jar;C:\Users\69018750\.m2\repository\org\apache\sling\org.apache.sling.i18n\2.5.14\org.apache.sling.i18n-2.5.14.jar;C:\Users\69018750\.m2\repository\org\apache\sling\org.apache.sling.testing.jcr-mock\1.6.0\org.apache.sling.testing.jcr-mock-1.6.0.jar;C:\Users\69018750\.m2\repository\javax\jcr\jcr\2.0\jcr-2.0.jar;C:\Users\69018750\.m2\repository\org\apache\jackrabbit\oak-jackrabbit-api\1.22.5\oak-jackrabbit-api-1.22.5.jar;C:\Users\69018750\.m2\repository\org\apache\commons\commons-collections4\4.2\commons-collections4-4.2.jar;C:\Users\69018750\.m2\repository\org\apache\sling\org.apache.sling.testing.osgi-mock.core\3.3.4\org.apache.sling.testing.osgi-mock.core-3.3.4.jar;C:\Users\69018750\.m2\repository\org\osgi\org.osgi.framework\1.9.0\org.osgi.framework-1.9.0.jar;C:\Users\69018750\.m2\repository\org\osgi\org.osgi.service.component\1.4.0\org.osgi.service.component-1.4.0.jar;C:\Users\69018750\.m2\repository\org\osgi\org.osgi.service.cm\1.6.0\org.osgi.service.cm-1.6.0.jar;C:\Users\69018750\.m2\repository\org\osgi\org.osgi.service.event\1.4.0\org.osgi.service.event-1.4.0.jar;C:\Users\69018750\.m2\repository\org\osgi\org.osgi.service.log\1.3.0\org.osgi.service.log-1.3.0.jar;C:\Users\69018750\.m2\repository\commons-io\commons-io\2.6\commons-io-2.6.jar;C:\Users\69018750\.m2\repository\org\reflections\reflections\0.10.2\reflections-0.10.2.jar;C:\Users\69018750\.m2\repository\org\javassist\javassist\3.28.0-GA\javassist-3.28.0-GA.jar;C:\Users\69018750\.m2\repository\org\apache\sling\org.apache.sling.testing.sling-mock.core\3.4.2\org.apache.sling.testing.sling-mock.core-3.4.2.jar;C:\Users\69018750\.m2\repository\org\apache\sling\org.apache.sling.resourcebuilder\1.0.4\org.apache.sling.resourcebuilder-1.0.4.jar;C:\Users\69018750\.m2\repository\org\osgi\org.osgi.resource\1.0.0\org.osgi.resource-1.0.0.jar;C:\Users\69018750\.m2\repository\org\osgi\org.osgi.util.converter\1.0.0\org.osgi.util.converter-1.0.0.jar;C:\Users\69018750\.m2\repository\org\osgi\org.osgi.util.tracker\1.5.2\org.osgi.util.tracker-1.5.2.jar;C:\Users\69018750\.m2\repository\org\apache\sling\org.apache.sling.scripting.core\2.3.2\org.apache.sling.scripting.core-2.3.2.jar;C:\Users\69018750\.m2\repository\org\apache\felix\org.apache.felix.utils\1.9.0\org.apache.felix.utils-1.9.0.jar;C:\Users\69018750\.m2\repository\org\apache\johnzon\johnzon-core\1.1.1\johnzon-core-1.1.1.jar;C:\Users\69018750\.m2\repository\org\apache\sling\org.apache.sling.adapter\2.1.10\org.apache.sling.adapter-2.1.10.jar;C:\Users\69018750\.m2\repository\org\apache\sling\org.apache.sling.featureflags\1.2.2\org.apache.sling.featureflags-1.2.2.jar;C:\Users\69018750\.m2\repository\org\apache\jackrabbit\oak-jcr\1.22.5\oak-jcr-1.22.5.jar;C:\Users\69018750\.m2\repository\org\apache\jackrabbit\oak-api\1.22.5\oak-api-1.22.5.jar;C:\Users\69018750\.m2\repository\org\apache\jackrabbit\oak-core-spi\1.22.5\oak-core-spi-1.22.5.jar;C:\Users\69018750\.m2\repository\org\apache\jackrabbit\oak-store-spi\1.22.5\oak-store-spi-1.22.5.jar;C:\Users\69018750\.m2\repository\org\apache\jackrabbit\oak-query-spi\1.22.5\oak-query-spi-1.22.5.jar;C:\Users\69018750\.m2\repository\org\apache\jackrabbit\oak-security-spi\1.22.5\oak-security-spi-1.22.5.jar;C:\Users\69018750\.m2\repository\org\apache\jackrabbit\oak-core\1.22.5\oak-core-1.22.5.jar;C:\Users\69018750\.m2\repository\org\apache\jackrabbit\oak-blob-plugins\1.22.5\oak-blob-plugins-1.22.5.jar;C:\Users\69018750\.m2\repository\org\apache\jackrabbit\jackrabbit-data\2.20.1\jackrabbit-data-2.20.1.jar;C:\Users\69018750\.m2\repository\org\apache\jackrabbit\oak-blob\1.22.5\oak-blob-1.22.5.jar;C:\Users\69018750\.m2\repository\commons-codec\commons-codec\1.14\commons-codec-1.14.jar;C:\Users\69018750\.m2\repository\org\apache\jackrabbit\oak-commons\1.22.5\oak-commons-1.22.5.jar;C:\Users\69018750\.m2\repository\commons-collections\commons-collections\3.2.2\commons-collections-3.2.2.jar;C:\Users\69018750\.m2\repository\commons-lang\commons-lang\2.6\commons-lang-2.6.jar;C:\Users\69018750\.m2\repository\org\apache\sling\org.apache.sling.contentparser.api\2.0.0\org.apache.sling.contentparser.api-2.0.0.jar;C:\Users\69018750\.m2\repository\org\apache\sling\org.apache.sling.contentparser.json\2.0.0\org.apache.sling.contentparser.json-2.0.0.jar;C:\Users\69018750\.m2\repository\org\apache\sling\org.apache.sling.contentparser.xml-jcr\2.0.0\org.apache.sling.contentparser.xml-jcr-2.0.0.jar;C:\Users\69018750\.m2\repository\org\apache\sling\org.apache.sling.fsresource\2.2.0\org.apache.sling.fsresource-2.2.0.jar;C:\Users\69018750\.m2\repository\org\apache\geronimo\specs\geronimo-atinject_1.0_spec\1.0\geronimo-atinject_1.0_spec-1.0.jar;C:\Users\69018750\.m2\repository\org\apache\geronimo\specs\geronimo-json_1.1_spec\1.0\geronimo-json_1.1_spec-1.0.jar;C:\Users\69018750\.m2\repository\org\apache\sling\org.apache.sling.testing.resourceresolver-mock\1.4.0\org.apache.sling.testing.resourceresolver-mock-1.4.0.jar;C:\Users\69018750\.m2\repository\org\apache\sling\org.apache.sling.servlet-helpers\1.4.2\org.apache.sling.servlet-helpers-1.4.2.jar;C:\Users\69018750\.m2\repository\org\apache\jackrabbit\vault\org.apache.jackrabbit.vault\3.2.8\org.apache.jackrabbit.vault-3.2.8.jar;C:\Users\69018750\.m2\repository\org\apache\commons\commons-imaging\1.0-alpha1\commons-imaging-1.0-alpha1.jar;C:\Users\69018750\.m2\repository\javax\servlet\javax.servlet-api\3.1.0\javax.servlet-api-3.1.0.jar;C:\Users\69018750\.m2\repository\javax\servlet\jsp\jsp-api\2.1\jsp-api-2.1.jar;C:\Users\69018750\.m2\repository\com\day\commons\day-commons-gfx\2.1.28\day-commons-gfx-2.1.28.jar;C:\Users\69018750\.m2\repository\com\day\commons\day-commons-any\2.0.0\day-commons-any-2.0.0.jar;C:\Users\69018750\.m2\repository\com\day\commons\day-commons-text\1.1.3\day-commons-text-1.1.3.jar;C:\Users\69018750\.m2\repository\org\apache\sling\org.apache.sling.testing.hamcrest\1.0.2\org.apache.sling.testing.hamcrest-1.0.2.jar;C:\Users\69018750\.m2\repository\org\hamcrest\hamcrest-library\1.3\hamcrest-library-1.3.jar;C:\Users\69018750\.m2\repository\org\hamcrest\hamcrest-core\1.3\hamcrest-core-1.3.jar;C:\Users\69018750\.m2\repository\org\apache\sling\org.apache.sling.xss\2.2.6\org.apache.sling.xss-2.2.6.jar;C:\Users\69018750\.m2\repository\org\apache\sling\org.apache.sling.testing.caconfig-mock-plugin\1.4.0\org.apache.sling.testing.caconfig-mock-plugin-1.4.0.jar;C:\Users\69018750\.m2\repository\org\apache\sling\org.apache.sling.caconfig.api\1.1.0\org.apache.sling.caconfig.api-1.1.0.jar;C:\Users\69018750\.m2\repository\org\apache\sling\org.apache.sling.caconfig.spi\1.3.0\org.apache.sling.caconfig.spi-1.3.0.jar;C:\Users\69018750\.m2\repository\org\apache\sling\org.apache.sling.caconfig.impl\1.4.0\org.apache.sling.caconfig.impl-1.4.0.jar;C:\Users\69018750\.m2\repository\com\adobe\cq\core.wcm.components.testing.aem-mock-plugin\2.22.12\core.wcm.components.testing.aem-mock-plugin-2.22.12.jar;C:\Users\69018750\.m2\repository\org\apache\sling\org.apache.sling.models.impl\1.4.4\org.apache.sling.models.impl-1.4.4.jar;C:\Users\69018750\.m2\repository\commons-beanutils\commons-beanutils\1.8.3\commons-beanutils-1.8.3.jar;C:\Users\69018750\.m2\repository\commons-logging\commons-logging\1.1.1\commons-logging-1.1.1.jar;C:\Users\69018750\.m2\repository\org\apache\maven\surefire\surefire-junit-platform\2.22.1\surefire-junit-platform-2.22.1.jar;C:\Users\69018750\.m2\repository\org\junit\platform\junit-platform-launcher\1.3.1\junit-platform-launcher-1.3.1.jar"/>
    <property name="java.vm.vendor" value="Oracle Corporation"/>
    <property name="sun.arch.data.model" value="64"/>
    <property name="user.variant" value=""/>
    <property name="java.vendor.url" value="https://openjdk.java.net/"/>
    <property name="user.timezone" value="Asia/Calcutta"/>
    <property name="java.vm.specification.version" value="11"/>
    <property name="os.name" value="Windows 10"/>
    <property name="sun.java.launcher" value="SUN_STANDARD"/>
    <property name="user.country" value="IN"/>
    <property name="sun.boot.library.path" value="C:\Program Files\OpenJDK\jdk-11.0.8.10-hotspot\bin"/>
    <property name="sun.java.command" value="org.apache.maven.surefire.booter.ForkedBooter C:\Users\69018750\AppData\Local\Temp\surefire5437566414624820187 2023-07-31T10-50-47_836-jvmRun1 surefire12697496989447871124tmp surefire_011413044416343757940tmp"/>
    <property name="jdk.debug" value="release"/>
    <property name="surefire.test.class.path" value="C:\Users\10725758\Documents\Manda_10725758\AEM\AEM_Projects\myaempractice\core\target\test-classes;C:\Users\10725758\Documents\Manda_10725758\AEM\AEM_Projects\myaempractice\core\target\classes;C:\Users\69018750\.m2\repository\uk\org\lidalia\slf4j-test\1.0.1\slf4j-test-1.0.1.jar;C:\Users\69018750\.m2\repository\org\slf4j\slf4j-api\1.7.5\slf4j-api-1.7.5.jar;C:\Users\69018750\.m2\repository\uk\org\lidalia\lidalia-lang\1.0.0\lidalia-lang-1.0.0.jar;C:\Users\69018750\.m2\repository\org\apache\commons\commons-lang3\3.1\commons-lang3-3.1.jar;C:\Users\69018750\.m2\repository\com\google\guava\guava\14.0.1\guava-14.0.1.jar;C:\Users\69018750\.m2\repository\uk\org\lidalia\lidalia-slf4j-ext\1.0.0\lidalia-slf4j-ext-1.0.0.jar;C:\Users\69018750\.m2\repository\joda-time\joda-time\2.2\joda-time-2.2.jar;C:\Users\69018750\.m2\repository\com\adobe\aem\aem-sdk-api\2023.7.12697.20230713T151945Z-230601\aem-sdk-api-2023.7.12697.20230713T151945Z-230601.jar;C:\Users\69018750\.m2\repository\org\osgi\osgi.core\8.0.0\osgi.core-8.0.0.jar;C:\Users\69018750\.m2\repository\org\osgi\org.osgi.annotation.versioning\1.1.2\org.osgi.annotation.versioning-1.1.2.jar;C:\Users\69018750\.m2\repository\org\osgi\org.osgi.annotation.bundle\1.1.1\org.osgi.annotation.bundle-1.1.1.jar;C:\Users\69018750\.m2\repository\org\osgi\org.osgi.service.metatype.annotations\1.4.1\org.osgi.service.metatype.annotations-1.4.1.jar;C:\Users\69018750\.m2\repository\org\osgi\osgi.annotation\8.0.1\osgi.annotation-8.0.1.jar;C:\Users\69018750\.m2\repository\org\osgi\org.osgi.namespace.extender\1.0.1\org.osgi.namespace.extender-1.0.1.jar;C:\Users\69018750\.m2\repository\org\osgi\org.osgi.namespace.implementation\1.0.0\org.osgi.namespace.implementation-1.0.0.jar;C:\Users\69018750\.m2\repository\org\osgi\org.osgi.service.component.annotations\1.5.0\org.osgi.service.component.annotations-1.5.0.jar;C:\Users\69018750\.m2\repository\org\osgi\org.osgi.util.function\1.0.0\org.osgi.util.function-1.0.0.jar;C:\Users\69018750\.m2\repository\org\osgi\org.osgi.util.promise\1.0.0\org.osgi.util.promise-1.0.0.jar;C:\Users\69018750\.m2\repository\org\osgi\org.osgi.service.http.whiteboard\1.1.1\org.osgi.service.http.whiteboard-1.1.1.jar;C:\Users\69018750\.m2\repository\org\apache\sling\org.apache.sling.servlets.annotations\1.2.6\org.apache.sling.servlets.annotations-1.2.6.jar;C:\Users\69018750\.m2\repository\com\adobe\cq\core.wcm.components.core\2.22.12\core.wcm.components.core-2.22.12.jar;C:\Users\69018750\.m2\repository\org\jsoup\jsoup\1.15.3\jsoup-1.15.3.jar;C:\Users\69018750\.m2\repository\org\junit\jupiter\junit-jupiter\5.8.2\junit-jupiter-5.8.2.jar;C:\Users\69018750\.m2\repository\org\junit\jupiter\junit-jupiter-api\5.8.2\junit-jupiter-api-5.8.2.jar;C:\Users\69018750\.m2\repository\org\opentest4j\opentest4j\1.2.0\opentest4j-1.2.0.jar;C:\Users\69018750\.m2\repository\org\junit\platform\junit-platform-commons\1.8.2\junit-platform-commons-1.8.2.jar;C:\Users\69018750\.m2\repository\org\apiguardian\apiguardian-api\1.1.2\apiguardian-api-1.1.2.jar;C:\Users\69018750\.m2\repository\org\junit\jupiter\junit-jupiter-params\5.8.2\junit-jupiter-params-5.8.2.jar;C:\Users\69018750\.m2\repository\org\junit\jupiter\junit-jupiter-engine\5.8.2\junit-jupiter-engine-5.8.2.jar;C:\Users\69018750\.m2\repository\org\junit\platform\junit-platform-engine\1.8.2\junit-platform-engine-1.8.2.jar;C:\Users\69018750\.m2\repository\org\mockito\mockito-core\4.1.0\mockito-core-4.1.0.jar;C:\Users\69018750\.m2\repository\net\bytebuddy\byte-buddy\1.12.1\byte-buddy-1.12.1.jar;C:\Users\69018750\.m2\repository\net\bytebuddy\byte-buddy-agent\1.12.1\byte-buddy-agent-1.12.1.jar;C:\Users\69018750\.m2\repository\org\objenesis\objenesis\3.2\objenesis-3.2.jar;C:\Users\69018750\.m2\repository\org\mockito\mockito-junit-jupiter\4.1.0\mockito-junit-jupiter-4.1.0.jar;C:\Users\69018750\.m2\repository\junit-addons\junit-addons\1.4\junit-addons-1.4.jar;C:\Users\69018750\.m2\repository\junit\junit\3.8.1\junit-3.8.1.jar;C:\Users\69018750\.m2\repository\xerces\xercesImpl\2.6.2\xercesImpl-2.6.2.jar;C:\Users\69018750\.m2\repository\xerces\xmlParserAPIs\2.6.2\xmlParserAPIs-2.6.2.jar;C:\Users\69018750\.m2\repository\io\wcm\io.wcm.testing.aem-mock.junit5\5.1.2\io.wcm.testing.aem-mock.junit5-5.1.2.jar;C:\Users\69018750\.m2\repository\io\wcm\io.wcm.testing.aem-mock.core\5.1.2\io.wcm.testing.aem-mock.core-5.1.2.jar;C:\Users\69018750\.m2\repository\org\apache\sling\org.apache.sling.api\2.22.0\org.apache.sling.api-2.22.0.jar;C:\Users\69018750\.m2\repository\org\jetbrains\annotations\16.0.2\annotations-16.0.2.jar;C:\Users\69018750\.m2\repository\org\apache\jackrabbit\jackrabbit-jcr-commons\2.20.1\jackrabbit-jcr-commons-2.20.1.jar;C:\Users\69018750\.m2\repository\org\apache\sling\org.apache.sling.commons.osgi\2.4.0\org.apache.sling.commons.osgi-2.4.0.jar;C:\Users\69018750\.m2\repository\org\apache\sling\org.apache.sling.resourceresolver\1.7.0\org.apache.sling.resourceresolver-1.7.0.jar;C:\Users\69018750\.m2\repository\org\apache\sling\org.apache.sling.serviceusermapper\1.4.4\org.apache.sling.serviceusermapper-1.4.4.jar;C:\Users\69018750\.m2\repository\org\apache\sling\org.apache.sling.jcr.api\2.4.0\org.apache.sling.jcr.api-2.4.0.jar;C:\Users\69018750\.m2\repository\org\apache\sling\org.apache.sling.jcr.resource\3.0.18\org.apache.sling.jcr.resource-3.0.18.jar;C:\Users\69018750\.m2\repository\org\apache\sling\org.apache.sling.commons.mime\2.2.2\org.apache.sling.commons.mime-2.2.2.jar;C:\Users\69018750\.m2\repository\org\apache\sling\org.apache.sling.commons.json\2.0.20\org.apache.sling.commons.json-2.0.20.jar;C:\Users\69018750\.m2\repository\org\apache\sling\org.apache.sling.commons.classloader\1.4.2\org.apache.sling.commons.classloader-1.4.2.jar;C:\Users\69018750\.m2\repository\org\apache\sling\org.apache.sling.settings\1.3.10\org.apache.sling.settings-1.3.10.jar;C:\Users\69018750\.m2\repository\org\apache\sling\org.apache.sling.i18n\2.5.14\org.apache.sling.i18n-2.5.14.jar;C:\Users\69018750\.m2\repository\org\apache\sling\org.apache.sling.testing.jcr-mock\1.6.0\org.apache.sling.testing.jcr-mock-1.6.0.jar;C:\Users\69018750\.m2\repository\javax\jcr\jcr\2.0\jcr-2.0.jar;C:\Users\69018750\.m2\repository\org\apache\jackrabbit\oak-jackrabbit-api\1.22.5\oak-jackrabbit-api-1.22.5.jar;C:\Users\69018750\.m2\repository\org\apache\commons\commons-collections4\4.2\commons-collections4-4.2.jar;C:\Users\69018750\.m2\repository\org\apache\sling\org.apache.sling.testing.osgi-mock.core\3.3.4\org.apache.sling.testing.osgi-mock.core-3.3.4.jar;C:\Users\69018750\.m2\repository\org\osgi\org.osgi.framework\1.9.0\org.osgi.framework-1.9.0.jar;C:\Users\69018750\.m2\repository\org\osgi\org.osgi.service.component\1.4.0\org.osgi.service.component-1.4.0.jar;C:\Users\69018750\.m2\repository\org\osgi\org.osgi.service.cm\1.6.0\org.osgi.service.cm-1.6.0.jar;C:\Users\69018750\.m2\repository\org\osgi\org.osgi.service.event\1.4.0\org.osgi.service.event-1.4.0.jar;C:\Users\69018750\.m2\repository\org\osgi\org.osgi.service.log\1.3.0\org.osgi.service.log-1.3.0.jar;C:\Users\69018750\.m2\repository\commons-io\commons-io\2.6\commons-io-2.6.jar;C:\Users\69018750\.m2\repository\org\reflections\reflections\0.10.2\reflections-0.10.2.jar;C:\Users\69018750\.m2\repository\org\javassist\javassist\3.28.0-GA\javassist-3.28.0-GA.jar;C:\Users\69018750\.m2\repository\org\apache\sling\org.apache.sling.testing.sling-mock.core\3.4.2\org.apache.sling.testing.sling-mock.core-3.4.2.jar;C:\Users\69018750\.m2\repository\org\apache\sling\org.apache.sling.resourcebuilder\1.0.4\org.apache.sling.resourcebuilder-1.0.4.jar;C:\Users\69018750\.m2\repository\org\osgi\org.osgi.resource\1.0.0\org.osgi.resource-1.0.0.jar;C:\Users\69018750\.m2\repository\org\osgi\org.osgi.util.converter\1.0.0\org.osgi.util.converter-1.0.0.jar;C:\Users\69018750\.m2\repository\org\osgi\org.osgi.util.tracker\1.5.2\org.osgi.util.tracker-1.5.2.jar;C:\Users\69018750\.m2\repository\org\apache\sling\org.apache.sling.scripting.core\2.3.2\org.apache.sling.scripting.core-2.3.2.jar;C:\Users\69018750\.m2\repository\org\apache\felix\org.apache.felix.utils\1.9.0\org.apache.felix.utils-1.9.0.jar;C:\Users\69018750\.m2\repository\org\apache\johnzon\johnzon-core\1.1.1\johnzon-core-1.1.1.jar;C:\Users\69018750\.m2\repository\org\apache\sling\org.apache.sling.adapter\2.1.10\org.apache.sling.adapter-2.1.10.jar;C:\Users\69018750\.m2\repository\org\apache\sling\org.apache.sling.featureflags\1.2.2\org.apache.sling.featureflags-1.2.2.jar;C:\Users\69018750\.m2\repository\org\apache\jackrabbit\oak-jcr\1.22.5\oak-jcr-1.22.5.jar;C:\Users\69018750\.m2\repository\org\apache\jackrabbit\oak-api\1.22.5\oak-api-1.22.5.jar;C:\Users\69018750\.m2\repository\org\apache\jackrabbit\oak-core-spi\1.22.5\oak-core-spi-1.22.5.jar;C:\Users\69018750\.m2\repository\org\apache\jackrabbit\oak-store-spi\1.22.5\oak-store-spi-1.22.5.jar;C:\Users\69018750\.m2\repository\org\apache\jackrabbit\oak-query-spi\1.22.5\oak-query-spi-1.22.5.jar;C:\Users\69018750\.m2\repository\org\apache\jackrabbit\oak-security-spi\1.22.5\oak-security-spi-1.22.5.jar;C:\Users\69018750\.m2\repository\org\apache\jackrabbit\oak-core\1.22.5\oak-core-1.22.5.jar;C:\Users\69018750\.m2\repository\org\apache\jackrabbit\oak-blob-plugins\1.22.5\oak-blob-plugins-1.22.5.jar;C:\Users\69018750\.m2\repository\org\apache\jackrabbit\jackrabbit-data\2.20.1\jackrabbit-data-2.20.1.jar;C:\Users\69018750\.m2\repository\org\apache\jackrabbit\oak-blob\1.22.5\oak-blob-1.22.5.jar;C:\Users\69018750\.m2\repository\commons-codec\commons-codec\1.14\commons-codec-1.14.jar;C:\Users\69018750\.m2\repository\org\apache\jackrabbit\oak-commons\1.22.5\oak-commons-1.22.5.jar;C:\Users\69018750\.m2\repository\commons-collections\commons-collections\3.2.2\commons-collections-3.2.2.jar;C:\Users\69018750\.m2\repository\commons-lang\commons-lang\2.6\commons-lang-2.6.jar;C:\Users\69018750\.m2\repository\org\apache\sling\org.apache.sling.contentparser.api\2.0.0\org.apache.sling.contentparser.api-2.0.0.jar;C:\Users\69018750\.m2\repository\org\apache\sling\org.apache.sling.contentparser.json\2.0.0\org.apache.sling.contentparser.json-2.0.0.jar;C:\Users\69018750\.m2\repository\org\apache\sling\org.apache.sling.contentparser.xml-jcr\2.0.0\org.apache.sling.contentparser.xml-jcr-2.0.0.jar;C:\Users\69018750\.m2\repository\org\apache\sling\org.apache.sling.fsresource\2.2.0\org.apache.sling.fsresource-2.2.0.jar;C:\Users\69018750\.m2\repository\org\apache\geronimo\specs\geronimo-atinject_1.0_spec\1.0\geronimo-atinject_1.0_spec-1.0.jar;C:\Users\69018750\.m2\repository\org\apache\geronimo\specs\geronimo-json_1.1_spec\1.0\geronimo-json_1.1_spec-1.0.jar;C:\Users\69018750\.m2\repository\org\apache\sling\org.apache.sling.testing.resourceresolver-mock\1.4.0\org.apache.sling.testing.resourceresolver-mock-1.4.0.jar;C:\Users\69018750\.m2\repository\org\apache\sling\org.apache.sling.servlet-helpers\1.4.2\org.apache.sling.servlet-helpers-1.4.2.jar;C:\Users\69018750\.m2\repository\org\apache\jackrabbit\vault\org.apache.jackrabbit.vault\3.2.8\org.apache.jackrabbit.vault-3.2.8.jar;C:\Users\69018750\.m2\repository\org\apache\commons\commons-imaging\1.0-alpha1\commons-imaging-1.0-alpha1.jar;C:\Users\69018750\.m2\repository\javax\servlet\javax.servlet-api\3.1.0\javax.servlet-api-3.1.0.jar;C:\Users\69018750\.m2\repository\javax\servlet\jsp\jsp-api\2.1\jsp-api-2.1.jar;C:\Users\69018750\.m2\repository\com\day\commons\day-commons-gfx\2.1.28\day-commons-gfx-2.1.28.jar;C:\Users\69018750\.m2\repository\com\day\commons\day-commons-any\2.0.0\day-commons-any-2.0.0.jar;C:\Users\69018750\.m2\repository\com\day\commons\day-commons-text\1.1.3\day-commons-text-1.1.3.jar;C:\Users\69018750\.m2\repository\org\apache\sling\org.apache.sling.testing.hamcrest\1.0.2\org.apache.sling.testing.hamcrest-1.0.2.jar;C:\Users\69018750\.m2\repository\org\hamcrest\hamcrest-library\1.3\hamcrest-library-1.3.jar;C:\Users\69018750\.m2\repository\org\hamcrest\hamcrest-core\1.3\hamcrest-core-1.3.jar;C:\Users\69018750\.m2\repository\org\apache\sling\org.apache.sling.xss\2.2.6\org.apache.sling.xss-2.2.6.jar;C:\Users\69018750\.m2\repository\org\apache\sling\org.apache.sling.testing.caconfig-mock-plugin\1.4.0\org.apache.sling.testing.caconfig-mock-plugin-1.4.0.jar;C:\Users\69018750\.m2\repository\org\apache\sling\org.apache.sling.caconfig.api\1.1.0\org.apache.sling.caconfig.api-1.1.0.jar;C:\Users\69018750\.m2\repository\org\apache\sling\org.apache.sling.caconfig.spi\1.3.0\org.apache.sling.caconfig.spi-1.3.0.jar;C:\Users\69018750\.m2\repository\org\apache\sling\org.apache.sling.caconfig.impl\1.4.0\org.apache.sling.caconfig.impl-1.4.0.jar;C:\Users\69018750\.m2\repository\com\adobe\cq\core.wcm.components.testing.aem-mock-plugin\2.22.12\core.wcm.components.testing.aem-mock-plugin-2.22.12.jar;C:\Users\69018750\.m2\repository\org\apache\sling\org.apache.sling.models.impl\1.4.4\org.apache.sling.models.impl-1.4.4.jar;C:\Users\69018750\.m2\repository\commons-beanutils\commons-beanutils\1.8.3\commons-beanutils-1.8.3.jar;C:\Users\69018750\.m2\repository\commons-logging\commons-logging\1.1.1\commons-logging-1.1.1.jar;"/>
    <property name="sun.cpu.endian" value="little"/>
    <property name="user.home" value="C:\Users\69018750"/>
    <property name="user.language" value="en"/>
    <property name="java.specification.vendor" value="Oracle Corporation"/>
    <property name="java.version.date" value="2020-07-14"/>
    <property name="java.home" value="C:\Program Files\OpenJDK\jdk-11.0.8.10-hotspot"/>
    <property name="file.separator" value="\"/>
    <property name="basedir" value="C:\Users\10725758\Documents\Manda_10725758\AEM\AEM_Projects\myaempractice\core"/>
    <property name="java.vm.compressedOopsMode" value="Zero based"/>
    <property name="line.separator" value="&#10;"/>
    <property name="java.specification.name" value="Java Platform API Specification"/>
    <property name="java.vm.specification.vendor" value="Oracle Corporation"/>
    <property name="java.awt.graphicsenv" value="sun.awt.Win32GraphicsEnvironment"/>
    <property name="user.script" value=""/>
    <property name="sun.management.compiler" value="HotSpot 64-Bit Tiered Compilers"/>
    <property name="java.runtime.version" value="11.0.8-internal+0-adhoc..jdk11u"/>
    <property name="user.name" value="69018750"/>
    <property name="path.separator" value=";"/>
    <property name="os.version" value="10.0"/>
    <property name="java.runtime.name" value="OpenJDK Runtime Environment"/>
    <property name="file.encoding" value="Cp1252"/>
    <property name="java.vm.name" value="OpenJDK 64-Bit Server VM"/>
    <property name="localRepository" value="C:\Users\69018750\.m2\repository"/>
    <property name="java.vendor.url.bug" value="https://bugreport.java.com/bugreport/"/>
    <property name="java.io.tmpdir" value="C:\Users\69018750\AppData\Local\Temp\"/>
    <property name="java.version" value="11.0.8-internal"/>
    <property name="user.dir" value="C:\Users\10725758\Documents\Manda_10725758\AEM\AEM_Projects\myaempractice\core"/>
    <property name="os.arch" value="amd64"/>
    <property name="java.vm.specification.name" value="Java Virtual Machine Specification"/>
    <property name="java.awt.printerjob" value="sun.awt.windows.WPrinterJob"/>
    <property name="sun.os.patch.level" value=""/>
    <property name="java.library.path" value="C:\Program Files\OpenJDK\jdk-11.0.8.10-hotspot\bin;C:\Windows\Sun\Java\bin;C:\Windows\system32;C:\Windows;C:\Users\69018750\bin;C:\Users\10725758\AppData\Local\Programs\Git\mingw64\bin;C:\Users\10725758\AppData\Local\Programs\Git\usr\local\bin;C:\Users\10725758\AppData\Local\Programs\Git\usr\bin;C:\Users\10725758\AppData\Local\Programs\Git\usr\bin;C:\Users\10725758\AppData\Local\Programs\Git\mingw64\bin;C:\Users\10725758\AppData\Local\Programs\Git\usr\bin;C:\Users\69018750\bin;C:\Windows\system32;C:\Windows;C:\Windows\System32\Wbem;C:\Windows\System32\WindowsPowerShell\v1.0;C:\Windows\System32\OpenSSH;C:\Program Files\OpenJDK\jdk-11.0.8.10-hotspot\bin;C:\Temp\apache-maven-3.8.1-bin (1)\apache-maven-3.8.1\bin;C:\Temp\elasticsearch-8.5.2-windows-x86_64\elasticsearch-8.5.2\bin;C:\Program Files\nodejs;C:\Users\69018750\AppData\Local\Microsoft\WindowsApps;C:\Users\10725758\AppData\Local\Programs\Git\usr\bin\vendor_perl;C:\Users\10725758\AppData\Local\Programs\Git\usr\bin\core_perl;."/>
    <property name="java.vm.info" value="mixed mode"/>
    <property name="java.vendor" value="N/A"/>
    <property name="java.vm.version" value="11.0.8-internal+0-adhoc..jdk11u"/>
    <property name="sun.io.unicode.encoding" value="UnicodeLittle"/>
    <property name="java.class.version" value="55.0"/>
  </properties>
  <testcase name="run" classname="com.myaempractice.core.schedulers.SimpleScheduledTaskTest" time="0.056"/>
</testsuite>